Thu Jan 29 13:25:01 PST 2026: Ralph continuous is running.
Thu Jan 29 13:30:01 PST 2026: Ralph continuous is running.
Thu Jan 29 13:35:00 PST 2026: Ralph continuous is running.
Thu Jan 29 13:40:00 PST 2026: Ralph continuous is running.
Thu Jan 29 13:45:00 PST 2026: Ralph continuous is running.
Thu Jan 29 13:50:00 PST 2026: Ralph continuous is running.
Thu Jan 29 13:55:01 PST 2026: Ralph continuous is running.
Thu Jan 29 14:00:00 PST 2026: Ralph continuous is running.
Thu Jan 29 14:05:00 PST 2026: Ralph continuous is running.
Thu Jan 29 14:10:00 PST 2026: Ralph continuous is running.
Thu Jan 29 14:15:00 PST 2026: Ralph continuous is running.
Thu Jan 29 14:20:01 PST 2026: Ralph continuous is running.
Thu Jan 29 14:25:00 PST 2026: Ralph continuous is running.
Thu Jan 29 14:30:00 PST 2026: Ralph continuous is running.
Thu Jan 29 14:35:00 PST 2026: Ralph continuous is running.
Thu Jan 29 14:40:00 PST 2026: Ralph continuous is running.
Thu Jan 29 14:45:00 PST 2026: Ralph continuous is running.
Thu Jan 29 14:50:00 PST 2026: Ralph continuous is running.
Thu Jan 29 14:55:00 PST 2026: Ralph continuous is running.
Thu Jan 29 15:00:00 PST 2026: Ralph continuous is running.
Thu Jan 29 15:05:01 PST 2026: Ralph continuous is running.
Thu Jan 29 15:10:00 PST 2026: Ralph continuous is running.
Thu Jan 29 15:15:00 PST 2026: Ralph continuous is running.
Thu Jan 29 15:20:00 PST 2026: Ralph continuous is running.
Thu Jan 29 15:25:00 PST 2026: Ralph continuous is running.
Thu Jan 29 15:30:00 PST 2026: Ralph continuous is running.
Thu Jan 29 15:35:00 PST 2026: Ralph continuous is running.
Thu Jan 29 15:40:00 PST 2026: Ralph continuous is running.
Thu Jan 29 15:45:00 PST 2026: Ralph continuous is running.
Thu Jan 29 15:50:01 PST 2026: Ralph continuous is running.
Thu Jan 29 15:55:01 PST 2026: Ralph continuous is running.
Thu Jan 29 16:00:01 PST 2026: Ralph continuous is running.
Thu Jan 29 16:05:01 PST 2026: Ralph continuous is running.
Thu Jan 29 16:10:01 PST 2026: Ralph continuous is running.
Thu Jan 29 16:15:00 PST 2026: Ralph continuous is running.
Thu Jan 29 16:20:00 PST 2026: Ralph continuous is running.
Thu Jan 29 16:25:00 PST 2026: Ralph continuous is running.
Thu Jan 29 16:27:18 PST 2026: Ralph continuous not found. Kickstarting...
Thu Jan 29 16:27:18 PST 2026: Ralph continuous started (PID: 97007)
Thu Jan 29 16:30:00 PST 2026: Ralph continuous is running.
Thu Jan 29 16:35:01 PST 2026: Ralph continuous is running.
Thu Jan 29 16:40:00 PST 2026: Ralph continuous is running.
Thu Jan 29 16:45:00 PST 2026: Ralph continuous is running.
Thu Jan 29 16:50:00 PST 2026: Ralph continuous is running.
Thu Jan 29 16:55:00 PST 2026: Ralph continuous is running.
Thu Jan 29 17:00:00 PST 2026: Ralph healthy | Drafts: 1 | Rate: COOLDOWN:69s|HOUR:1
Thu Jan 29 17:00:00 PST 2026: ⚠️ LOW DRAFT ALERT: 1 drafts
Thu Jan 29 17:05:00 PST 2026: Ralph healthy | Drafts: 1 | Rate: READY|HOUR:1
Thu Jan 29 17:05:00 PST 2026: ⚠️ LOW DRAFT ALERT: 1 drafts
Thu Jan 29 17:10:00 PST 2026: Ralph healthy | Drafts: 1 | Rate: READY|HOUR:1
Thu Jan 29 17:10:00 PST 2026: ⚠️ LOW DRAFT ALERT: 1 drafts
Thu Jan 29 17:15:00 PST 2026: Ralph healthy | Drafts: 1 | Rate: READY|MIN:0
Thu Jan 29 17:15:00 PST 2026: ⚠️ LOW DRAFT ALERT: 1 drafts
Thu Jan 29 17:20:04 PST 2026: Ralph healthy | Drafts: 1 | Rate: UNKNOWN
Thu Jan 29 17:20:04 PST 2026: ⚠️ LOW DRAFT ALERT: 1 drafts
Thu Jan 29 17:25:00 PST 2026: Ralph healthy | Drafts: 0 | Rate: READY|MIN:2
Thu Jan 29 17:25:00 PST 2026: ⚠️ LOW DRAFT ALERT: 0 drafts
Thu Jan 29 17:30:00 PST 2026: Ralph healthy | Drafts: 1 | Rate: READY|MIN:3
Thu Jan 29 17:30:00 PST 2026: ⚠️ LOW DRAFT ALERT: 1 drafts
Thu Jan 29 17:35:01 PST 2026: Ralph healthy | Drafts: 2 | Rate: READY|MIN:1
Thu Jan 29 17:40:00 PST 2026: Ralph healthy | Drafts: 2 | Rate: READY|MIN:1
Thu Jan 29 17:45:00 PST 2026: Ralph healthy | Drafts: 3 | Rate: READY|MIN:3
Thu Jan 29 17:50:00 PST 2026: Ralph healthy | Drafts: 3 | Rate: READY|MIN:4
Thu Jan 29 17:55:00 PST 2026: Ralph healthy | Drafts: 4 | Rate: READY|MIN:3
Thu Jan 29 18:00:00 PST 2026: Ralph healthy | Drafts: 4 | Rate: READY|MIN:3
Thu Jan 29 18:05:00 PST 2026: Ralph healthy | Drafts: 4 | Rate: READY|MIN:1
Thu Jan 29 18:10:00 PST 2026: Ralph healthy | Drafts: 4 | Rate: READY|MIN:4
Thu Jan 29 18:15:00 PST 2026: Ralph healthy | Drafts: 4 | Rate: READY|MIN:4
Thu Jan 29 18:20:00 PST 2026: Ralph healthy | Drafts: 0 | Rate: READY|MIN:1
Thu Jan 29 18:20:00 PST 2026: ⚠️ LOW DRAFT ALERT: 0 drafts
Thu Jan 29 18:25:00 PST 2026: Ralph healthy | Drafts: 0 | Rate: READY|MIN:4
Thu Jan 29 18:25:00 PST 2026: ⚠️ LOW DRAFT ALERT: 0 drafts
Thu Jan 29 18:30:00 PST 2026: Ralph healthy | Drafts: 0 | Rate: READY|MIN:4
Thu Jan 29 18:30:00 PST 2026: ⚠️ LOW DRAFT ALERT: 0 drafts
Thu Jan 29 18:35:00 PST 2026: Ralph healthy | Drafts: 1 | Rate: READY|MIN:1
Thu Jan 29 18:35:00 PST 2026: ⚠️ LOW DRAFT ALERT: 1 drafts
Thu Jan 29 18:40:00 PST 2026: Ralph healthy | Drafts: 1 | Rate: READY|MIN:4
Thu Jan 29 18:40:00 PST 2026: ⚠️ LOW DRAFT ALERT: 1 drafts
Thu Jan 29 18:45:00 PST 2026: Ralph healthy | Drafts: 1 | Rate: READY|MIN:4
Thu Jan 29 18:45:00 PST 2026: ⚠️ LOW DRAFT ALERT: 1 drafts
Thu Jan 29 18:50:00 PST 2026: Ralph healthy | Drafts: 1 | Rate: READY|MIN:2
Thu Jan 29 18:50:00 PST 2026: ⚠️ LOW DRAFT ALERT: 1 drafts
Thu Jan 29 18:55:00 PST 2026: Ralph healthy | Drafts: 1 | Rate: READY|MIN:2
Thu Jan 29 18:55:00 PST 2026: ⚠️ LOW DRAFT ALERT: 1 drafts
Thu Jan 29 19:00:01 PST 2026: Ralph healthy | Drafts: 1 | Rate: READY|MIN:0
Thu Jan 29 19:00:01 PST 2026: ⚠️ LOW DRAFT ALERT: 1 drafts
Thu Jan 29 19:05:00 PST 2026: Ralph healthy | Drafts: 2 | Rate: READY|MIN:3
Thu Jan 29 19:10:00 PST 2026: Ralph healthy | Drafts: 2 | Rate: READY|MIN:3
Thu Jan 29 19:15:00 PST 2026: Ralph healthy | Drafts: 2 | Rate: READY|MIN:3
Thu Jan 29 19:20:00 PST 2026: Ralph healthy | Drafts: 3 | Rate: READY|MIN:3
Thu Jan 29 19:25:00 PST 2026: Ralph healthy | Drafts: 3 | Rate: READY|MIN:3
Thu Jan 29 19:30:00 PST 2026: Ralph healthy | Drafts: 3 | Rate: READY|MIN:3
Thu Jan 29 19:35:00 PST 2026: Ralph healthy | Drafts: 4 | Rate: READY|MIN:3
Thu Jan 29 19:40:00 PST 2026: Ralph healthy | Drafts: 4 | Rate: READY|MIN:3
Thu Jan 29 19:45:00 PST 2026: Ralph healthy | Drafts: 4 | Rate: READY|MIN:3
Thu Jan 29 19:50:00 PST 2026: Ralph healthy | Drafts: 0 | Rate: READY|MIN:3
Thu Jan 29 19:50:00 PST 2026: ⚠️ LOW DRAFT ALERT: 0 drafts
Thu Jan 29 19:55:00 PST 2026: Ralph healthy | Drafts: 0 | Rate: READY|MIN:3
Thu Jan 29 19:55:00 PST 2026: ⚠️ LOW DRAFT ALERT: 0 drafts
Thu Jan 29 20:00:00 PST 2026: Ralph healthy | Drafts: 0 | Rate: READY|MIN:3
Thu Jan 29 20:00:00 PST 2026: ⚠️ LOW DRAFT ALERT: 0 drafts
Thu Jan 29 20:05:01 PST 2026: Ralph healthy | Drafts: 1 | Rate: READY|MIN:3
Thu Jan 29 20:05:01 PST 2026: ⚠️ LOW DRAFT ALERT: 1 drafts
Thu Jan 29 20:10:01 PST 2026: Ralph healthy | Drafts: 1 | Rate: READY|MIN:3
Thu Jan 29 20:10:01 PST 2026: ⚠️ LOW DRAFT ALERT: 1 drafts
Thu Jan 29 20:15:00 PST 2026: Ralph healthy | Drafts: 1 | Rate: READY|MIN:3
Thu Jan 29 20:15:00 PST 2026: ⚠️ LOW DRAFT ALERT: 1 drafts
Thu Jan 29 20:20:00 PST 2026: Ralph healthy | Drafts: 2 | Rate: READY|MIN:3
Thu Jan 29 20:25:01 PST 2026: Ralph healthy | Drafts: 2 | Rate: READY|MIN:3
Thu Jan 29 20:30:00 PST 2026: Ralph healthy | Drafts: 2 | Rate: READY|MIN:3
Thu Jan 29 20:35:00 PST 2026: Ralph healthy | Drafts: 3 | Rate: READY|MIN:3
Thu Jan 29 20:40:00 PST 2026: Ralph healthy | Drafts: 3 | Rate: READY|MIN:3
Thu Jan 29 20:45:00 PST 2026: Ralph healthy | Drafts: 3 | Rate: READY|MIN:3
Thu Jan 29 20:50:00 PST 2026: Ralph healthy | Drafts: 4 | Rate: READY|MIN:3
Thu Jan 29 20:55:00 PST 2026: Ralph healthy | Drafts: 4 | Rate: READY|MIN:3
Thu Jan 29 21:00:01 PST 2026: Ralph healthy | Drafts: 4 | Rate: READY|MIN:3
Thu Jan 29 21:05:00 PST 2026: Ralph healthy | Drafts: 0 | Rate: READY|MIN:3
Thu Jan 29 21:05:00 PST 2026: ⚠️ LOW DRAFT ALERT: 0 drafts
Thu Jan 29 21:10:00 PST 2026: Ralph healthy | Drafts: 0 | Rate: READY|MIN:3
Thu Jan 29 21:10:00 PST 2026: ⚠️ LOW DRAFT ALERT: 0 drafts
Thu Jan 29 21:15:00 PST 2026: Ralph healthy | Drafts: 0 | Rate: READY|MIN:3
Thu Jan 29 21:15:00 PST 2026: ⚠️ LOW DRAFT ALERT: 0 drafts
Thu Jan 29 21:20:00 PST 2026: Ralph healthy | Drafts: 1 | Rate: READY|MIN:1
Thu Jan 29 21:20:00 PST 2026: ⚠️ LOW DRAFT ALERT: 1 drafts
Thu Jan 29 21:25:01 PST 2026: Ralph healthy | Drafts: 1 | Rate: READY|MIN:1
Thu Jan 29 21:25:01 PST 2026: ⚠️ LOW DRAFT ALERT: 1 drafts
Thu Jan 29 21:30:01 PST 2026: Ralph healthy | Drafts: 1 | Rate: READY|MIN:1
Thu Jan 29 21:30:01 PST 2026: ⚠️ LOW DRAFT ALERT: 1 drafts
Thu Jan 29 21:35:01 PST 2026: Ralph healthy | Drafts: 2 | Rate: READY|MIN:3
Thu Jan 29 21:40:00 PST 2026: Ralph healthy | Drafts: 2 | Rate: READY|MIN:3
Thu Jan 29 21:45:00 PST 2026: Ralph healthy | Drafts: 2 | Rate: READY|MIN:3
Thu Jan 29 21:50:00 PST 2026: Ralph healthy | Drafts: 3 | Rate: READY|MIN:3
Thu Jan 29 21:55:00 PST 2026: Ralph healthy | Drafts: 3 | Rate: READY|MIN:3
Thu Jan 29 22:00:00 PST 2026: Ralph healthy | Drafts: 3 | Rate: READY|MIN:3
Thu Jan 29 22:05:00 PST 2026: Ralph healthy | Drafts: 4 | Rate: READY|MIN:3
Thu Jan 29 22:10:01 PST 2026: Ralph healthy | Drafts: 4 | Rate: READY|MIN:3
Thu Jan 29 22:15:00 PST 2026: Ralph healthy | Drafts: 4 | Rate: READY|MIN:3
Thu Jan 29 22:20:00 PST 2026: Ralph healthy | Drafts: 0 | Rate: READY|MIN:3
Thu Jan 29 22:20:00 PST 2026: ⚠️ LOW DRAFT ALERT: 0 drafts
Thu Jan 29 22:25:00 PST 2026: Ralph healthy | Drafts: 0 | Rate: READY|MIN:3
Thu Jan 29 22:25:00 PST 2026: ⚠️ LOW DRAFT ALERT: 0 drafts
Thu Jan 29 22:30:00 PST 2026: Ralph healthy | Drafts: 0 | Rate: READY|MIN:3
Thu Jan 29 22:30:00 PST 2026: ⚠️ LOW DRAFT ALERT: 0 drafts
Thu Jan 29 22:35:00 PST 2026: Ralph healthy | Drafts: 1 | Rate: READY|MIN:3
Thu Jan 29 22:35:00 PST 2026: ⚠️ LOW DRAFT ALERT: 1 drafts
Thu Jan 29 22:40:00 PST 2026: Ralph healthy | Drafts: 1 | Rate: READY|MIN:3
Thu Jan 29 22:40:00 PST 2026: ⚠️ LOW DRAFT ALERT: 1 drafts
Thu Jan 29 22:45:00 PST 2026: Ralph healthy | Drafts: 1 | Rate: READY|MIN:3
Thu Jan 29 22:45:00 PST 2026: ⚠️ LOW DRAFT ALERT: 1 drafts
Thu Jan 29 22:50:00 PST 2026: Ralph healthy | Drafts: 2 | Rate: READY|MIN:3
Thu Jan 29 22:55:00 PST 2026: Ralph healthy | Drafts: 2 | Rate: READY|MIN:3
Thu Jan 29 23:00:00 PST 2026: Ralph healthy | Drafts: 2 | Rate: READY|MIN:3
Thu Jan 29 23:05:00 PST 2026: Ralph healthy | Drafts: 3 | Rate: READY|MIN:3
Thu Jan 29 23:10:00 PST 2026: Ralph healthy | Drafts: 3 | Rate: READY|MIN:3
Thu Jan 29 23:15:00 PST 2026: Ralph healthy | Drafts: 3 | Rate: READY|MIN:3
Thu Jan 29 23:20:00 PST 2026: Ralph healthy | Drafts: 4 | Rate: READY|MIN:3
Thu Jan 29 23:25:00 PST 2026: Ralph healthy | Drafts: 4 | Rate: READY|MIN:3
Thu Jan 29 23:30:00 PST 2026: Ralph healthy | Drafts: 4 | Rate: READY|MIN:3
Thu Jan 29 23:35:00 PST 2026: Ralph healthy | Drafts: 4 | Rate: READY|MIN:3
Thu Jan 29 23:40:00 PST 2026: Ralph healthy | Drafts: 4 | Rate: READY|MIN:3
Thu Jan 29 23:45:00 PST 2026: Ralph healthy | Drafts: 4 | Rate: READY|MIN:3
Thu Jan 29 23:50:01 PST 2026: Ralph healthy | Drafts: 4 | Rate: READY|MIN:3
Thu Jan 29 23:55:00 PST 2026: Ralph healthy | Drafts: 4 | Rate: READY|MIN:3
Fri Jan 30 00:00:00 PST 2026: Ralph healthy | Drafts: 4 | Rate: READY|MIN:3
Fri Jan 30 00:05:00 PST 2026: Ralph healthy | Drafts: 1 | Rate: READY|MIN:4
Fri Jan 30 00:05:00 PST 2026: ⚠️ LOW DRAFT ALERT: 1 drafts
Fri Jan 30 00:10:00 PST 2026: Ralph healthy | Drafts: 2 | Rate: READY|MIN:4
Fri Jan 30 00:15:00 PST 2026: Ralph healthy | Drafts: 2 | Rate: READY|MIN:0
Fri Jan 30 00:20:00 PST 2026: Ralph healthy | Drafts: 3 | Rate: READY|MIN:3
Fri Jan 30 00:25:00 PST 2026: Ralph healthy | Drafts: 5 | Rate: READY|MIN:3
Fri Jan 30 00:30:00 PST 2026: Ralph healthy | Drafts: 1 | Rate: READY|MIN:0
Fri Jan 30 00:30:00 PST 2026: ⚠️ LOW DRAFT ALERT: 1 drafts
Fri Jan 30 00:35:00 PST 2026: Ralph healthy | Drafts: 4 | Rate: READY|MIN:3
Fri Jan 30 00:40:00 PST 2026: Ralph healthy | Drafts: 4 | Rate: READY|MIN:3
Fri Jan 30 00:45:00 PST 2026: Ralph healthy | Drafts: 4 | Rate: READY|MIN:0
Fri Jan 30 00:50:00 PST 2026: Ralph healthy | Drafts: 2 | Rate: READY|MIN:3
Fri Jan 30 00:55:00 PST 2026: Ralph healthy | Drafts: 3 | Rate: READY|MIN:3
Fri Jan 30 01:00:00 PST 2026: Ralph healthy | Drafts: 3 | Rate: READY|MIN:0
Fri Jan 30 01:05:00 PST 2026: Ralph healthy | Drafts: 4 | Rate: READY|MIN:3
Fri Jan 30 01:10:00 PST 2026: Ralph healthy | Drafts: 4 | Rate: READY|MIN:3
Fri Jan 30 01:15:01 PST 2026: Ralph healthy | Drafts: 1 | Rate: READY|MIN:0
Fri Jan 30 01:15:01 PST 2026: ⚠️ LOW DRAFT ALERT: 1 drafts
Fri Jan 30 01:20:00 PST 2026: Ralph healthy | Drafts: 3 | Rate: READY|MIN:3
Fri Jan 30 01:25:00 PST 2026: Ralph healthy | Drafts: 4 | Rate: READY|MIN:3
Fri Jan 30 01:30:00 PST 2026: Ralph healthy | Drafts: 4 | Rate: READY|MIN:3
Fri Jan 30 01:35:00 PST 2026: Ralph healthy | Drafts: 5 | Rate: READY|MIN:3
Fri Jan 30 01:40:00 PST 2026: Ralph healthy | Drafts: 5 | Rate: READY|MIN:3
Fri Jan 30 01:45:00 PST 2026: Ralph healthy | Drafts: 1 | Rate: READY|MIN:0
Fri Jan 30 01:45:00 PST 2026: ⚠️ LOW DRAFT ALERT: 1 drafts
Fri Jan 30 01:50:01 PST 2026: Ralph healthy | Drafts: 3 | Rate: READY|MIN:3
Fri Jan 30 01:55:00 PST 2026: Ralph healthy | Drafts: 4 | Rate: READY|MIN:3
Fri Jan 30 02:00:00 PST 2026: Ralph healthy | Drafts: 1 | Rate: READY|MIN:0
Fri Jan 30 02:00:00 PST 2026: ⚠️ LOW DRAFT ALERT: 1 drafts
Fri Jan 30 02:05:00 PST 2026: Ralph healthy | Drafts: 3 | Rate: READY|MIN:2
Fri Jan 30 02:10:00 PST 2026: Ralph healthy | Drafts: 4 | Rate: READY|MIN:2
Fri Jan 30 02:15:00 PST 2026: Ralph healthy | Drafts: 5 | Rate: READY|MIN:2
Fri Jan 30 02:20:00 PST 2026: Ralph healthy | Drafts: 2 | Rate: READY|MIN:2
Fri Jan 30 02:25:01 PST 2026: Ralph healthy | Drafts: 3 | Rate: READY|MIN:2
Fri Jan 30 02:30:01 PST 2026: Ralph healthy | Drafts: 4 | Rate: READY|MIN:0
Fri Jan 30 02:35:00 PST 2026: Ralph healthy | Drafts: 4 | Rate: READY|MIN:3
Fri Jan 30 02:40:00 PST 2026: Ralph healthy | Drafts: 4 | Rate: READY|MIN:3
Fri Jan 30 02:45:01 PST 2026: Ralph healthy | Drafts: 5 | Rate: READY|MIN:3
Fri Jan 30 02:50:01 PST 2026: Ralph healthy | Drafts: 1 | Rate: READY|MIN:3
Fri Jan 30 02:50:01 PST 2026: ⚠️ LOW DRAFT ALERT: 1 drafts
Fri Jan 30 02:55:00 PST 2026: Ralph healthy | Drafts: 3 | Rate: READY|MIN:3
Fri Jan 30 03:00:00 PST 2026: Ralph healthy | Drafts: 3 | Rate: READY|MIN:3
Fri Jan 30 03:05:01 PST 2026: Ralph healthy | Drafts: 1 | Rate: READY|MIN:3
Fri Jan 30 03:05:01 PST 2026: ⚠️ LOW DRAFT ALERT: 1 drafts
Fri Jan 30 03:10:00 PST 2026: Ralph healthy | Drafts: 3 | Rate: READY|MIN:3
Fri Jan 30 03:15:00 PST 2026: Ralph healthy | Drafts: 4 | Rate: READY|MIN:0
Fri Jan 30 03:20:00 PST 2026: Ralph healthy | Drafts: 1 | Rate: READY|MIN:3
Fri Jan 30 03:20:00 PST 2026: ⚠️ LOW DRAFT ALERT: 1 drafts
Fri Jan 30 03:25:00 PST 2026: Ralph healthy | Drafts: 3 | Rate: READY|MIN:3
Fri Jan 30 03:30:01 PST 2026: Ralph healthy | Drafts: 4 | Rate: READY|MIN:3
Fri Jan 30 03:35:01 PST 2026: Ralph healthy | Drafts: 3 | Rate: READY|MIN:1
Fri Jan 30 03:40:00 PST 2026: Ralph healthy | Drafts: 4 | Rate: READY|MIN:1
Fri Jan 30 03:45:00 PST 2026: Ralph healthy | Drafts: 1 | Rate: READY|MIN:0
Fri Jan 30 03:45:00 PST 2026: ⚠️ LOW DRAFT ALERT: 1 drafts
Fri Jan 30 03:50:00 PST 2026: Ralph healthy | Drafts: 2 | Rate: READY|MIN:3
Fri Jan 30 03:55:00 PST 2026: Ralph healthy | Drafts: 2 | Rate: READY|MIN:3
Fri Jan 30 04:00:00 PST 2026: Ralph healthy | Drafts: 2 | Rate: READY|MIN:3
Fri Jan 30 04:05:00 PST 2026: Ralph healthy | Drafts: 4 | Rate: READY|MIN:3
