=== Ralph Publish Job ===
=== Ralph Publish Job ===
Timestamp: 2026-01-30T02:00:01Z
Timestamp: 2026-01-30T02:00:01Z
Drafts available: 4
Drafts available: 4
Target persona: insider
Target persona: insider
⏳ Rate limit active. Publishing best draft without AI polish...
⏳ Rate limit active. Publishing best draft without AI polish...
Publishing: draft-20260130-0140-insider-topic.md
✅ Published: 2026-01-30-02-00-insider-topic.md
Publishing: draft-20260130-0140-insider-topic.md
✅ Published: 2026-01-30-02-00-insider-topic.md
🏗️ Building site...
🏗️ Building site...
From https://github.com/JackWallnerDVC/ralph-sb60
 * branch            main       -> FETCH_HEAD
From https://github.com/JackWallnerDVC/ralph-sb60
 * branch            main       -> FETCH_HEAD
Already up to date.
Already up to date.
bundler: command not found: jekyll
bundler: command not found: jekyll
Install missing gem executables with `bundle install`
Install missing gem executables with `bundle install`
❌ Build failed
❌ Build failed


=== Ralph Publish Job ===
=== Ralph Publish Job ===
Timestamp: 2026-01-30T08:00:01Z
Timestamp: 2026-01-30T08:00:01Z
Drafts available: 4
Drafts available: 4
Target persona: analyst
Target persona: analyst
🎯 Rate limit clear. Using AI to evaluate and humanize...
🎯 Rate limit clear. Using AI to evaluate and humanize...
Only 4 drafts, need 5 to evaluate
Only 4 drafts, need 5 to evaluate
🏗️ Building site...
🏗️ Building site...
From https://github.com/JackWallnerDVC/ralph-sb60
 * branch            main       -> FETCH_HEAD
From https://github.com/JackWallnerDVC/ralph-sb60
 * branch            main       -> FETCH_HEAD
Already up to date.
Already up to date.
bundler: command not found: jekyll
bundler: command not found: jekyll
Install missing gem executables with `bundle install`
Install missing gem executables with `bundle install`
❌ Build failed
❌ Build failed


=== Ralph Publish Job ===
=== Ralph Publish Job ===
Timestamp: 2026-01-30T14:00:00Z
Timestamp: 2026-01-30T14:00:00Z
Drafts available: 1
Drafts available: 1
Target persona: local
Target persona: local
📰 Only 1 draft. Publishing without AI polish to preserve it...
📰 Only 1 draft. Publishing without AI polish to preserve it...
Publishing: draft-20260130-1420-local-sf-commute-trap.md
✅ Published: 2026-01-30-14-00-local-sf-commute-trap.md
Publishing: draft-20260130-1420-local-sf-commute-trap.md
✅ Published: 2026-01-30-14-00-local-sf-commute-trap.md
🏗️ Building site...
🏗️ Building site...
From https://github.com/JackWallnerDVC/ralph-sb60
 * branch            main       -> FETCH_HEAD
From https://github.com/JackWallnerDVC/ralph-sb60
 * branch            main       -> FETCH_HEAD
Already up to date.
Already up to date.
bundler: command not found: jekyll
bundler: command not found: jekyll
Install missing gem executables with `bundle install`
Install missing gem executables with `bundle install`
❌ Build failed
❌ Build failed


=== Ralph Threshold Publish Triggered ===
=== Ralph Threshold Publish Triggered ===
Timestamp: 2026-01-30T09:05:01 PST
Timestamp: 2026-01-30T09:05:01 PST
Drafts in queue: 5 (threshold: 5)
Drafts in queue: 5 (threshold: 5)
Target persona: local (balancing distribution)
Target persona: local (balancing distribution)
🎯 Running evaluate_and_publish...
🎯 Running evaluate_and_publish...
📋 Evaluating 5 drafts for virality...

🏆 WINNER: draft-20260130-0901-local-topic.md
       Score: 100/100 | Persona: local
       Title: The Tasman Trap: Surviving Phase II Closures...
       • Trend alignment: +15
       • Optimal length (737 words): +10
       • Recent draft: +5

  #2: draft-20260130-1705-insider-k-ball-protocol.md
       Score: 100/100 | Persona: insider
       Title: The 'K-Ball' Protocol: Why Super Bowl Kicks Are Different...
       • Trend alignment: +30
       • Question hook: +10
       • Good length (384 words): +5

  #3: draft-20260130-1730-analyst-21-personnel.md
       Score: 100/100 | Persona: analyst
       Title: The 21 Personnel Paradox: Why Heavy Sets Win Super Bowls...
       • Trend alignment: +20
       • Question hook: +10
       • Number hook: +5

  #4: draft-20260130-1800-insider-pink-noise.md
       Score: 100/100 | Persona: insider
       Title: Operation Pink Noise: Hiding the Halftime Show...
       • Trend alignment: +15
       • Question hook: +10
       • Good length (305 words): +5

  #5: draft-20260130-1745-local-rideshare-geofence.md
       Score: 100/100 | Persona: local
       Title: The Rideshare Geofence: Escaping the Red Zone...
       • Trend alignment: +30
       • Good length (322 words): +5
       • Recent draft: +5

🎯 Selected: The Tasman Trap: Surviving Phase II Closures
   Virality score: 100/100

📝 Humanizing: draft-20260130-0901-local-topic.md
✅ Published: 2026-01-30-09-05-topic.md
📦 Archived: draft-20260130-1705-insider-k-ball-protocol.md
📦 Archived: draft-20260130-1730-analyst-21-personnel.md
📦 Archived: draft-20260130-1800-insider-pink-noise.md
📦 Archived: draft-20260130-1745-local-rideshare-geofence.md
🚀 Pushed: https://jackwallnerdvc.github.io/ralph-sb60/
📋 Evaluating 5 drafts for virality...

🏆 WINNER: draft-20260130-0901-local-topic.md
       Score: 100/100 | Persona: local
       Title: The Tasman Trap: Surviving Phase II Closures...
       • Trend alignment: +15
       • Optimal length (737 words): +10
       • Recent draft: +5

  #2: draft-20260130-1705-insider-k-ball-protocol.md
       Score: 100/100 | Persona: insider
       Title: The 'K-Ball' Protocol: Why Super Bowl Kicks Are Different...
       • Trend alignment: +30
       • Question hook: +10
       • Good length (384 words): +5

  #3: draft-20260130-1730-analyst-21-personnel.md
       Score: 100/100 | Persona: analyst
       Title: The 21 Personnel Paradox: Why Heavy Sets Win Super Bowls...
       • Trend alignment: +20
       • Question hook: +10
       • Number hook: +5

  #4: draft-20260130-1800-insider-pink-noise.md
       Score: 100/100 | Persona: insider
       Title: Operation Pink Noise: Hiding the Halftime Show...
       • Trend alignment: +15
       • Question hook: +10
       • Good length (305 words): +5

  #5: draft-20260130-1745-local-rideshare-geofence.md
       Score: 100/100 | Persona: local
       Title: The Rideshare Geofence: Escaping the Red Zone...
       • Trend alignment: +30
       • Good length (322 words): +5
       • Recent draft: +5

🎯 Selected: The Tasman Trap: Surviving Phase II Closures
   Virality score: 100/100

📝 Humanizing: draft-20260130-0901-local-topic.md
✅ Published: 2026-01-30-09-05-topic.md
📦 Archived: draft-20260130-1705-insider-k-ball-protocol.md
📦 Archived: draft-20260130-1730-analyst-21-personnel.md
📦 Archived: draft-20260130-1800-insider-pink-noise.md
📦 Archived: draft-20260130-1745-local-rideshare-geofence.md
🚀 Pushed: https://jackwallnerdvc.github.io/ralph-sb60/
✅ Publish cycle complete at 9:05 AM PST
✅ Publish cycle complete at 9:05 AM PST


=== Ralph Threshold Publish Triggered ===
=== Ralph Threshold Publish Triggered ===
Timestamp: 2026-01-30T09:40:00 PST
Timestamp: 2026-01-30T09:40:00 PST
Drafts in queue: 5 (threshold: 5)
Drafts in queue: 5 (threshold: 5)
Target persona: analyst (balancing distribution)
Target persona: analyst (balancing distribution)
🎯 Running evaluate_and_publish...
🎯 Running evaluate_and_publish...
📋 Evaluating 5 drafts for virality...

🏆 WINNER: draft-20260130-0931-analyst-topic.md
       Score: 100/100 | Persona: analyst
       Title: The 16% Efficiency Gap: Why the Red Zone Decides SB60...
       • Trend alignment: +25
       • Question hook: +10
       • Number hook: +5

  #2: draft-20260130-1710-local-vta-survival.md
       Score: 100/100 | Persona: local
       Title: The VTA Gauntlet: Hacking the Light Rail Crush...
       • Trend alignment: +30
       • Optimal length (449 words): +10
       • Recent draft: +5

  #3: draft-20260130-1800-analyst-middle-eight.md
       Score: 100/100 | Persona: analyst
       Title: The 'Middle 8' Math: Where SB60 Will Actually Be Won...
       • Trend alignment: +20
       • Number hook: +5
       • Good length (379 words): +5

  #4: draft-20260130-0916-analyst-topic.md
       Score: 100/100 | Persona: analyst
       Title: The 'Clean Pocket' Fallacy: Why the Market is Wrong on QB1...
       • Trend alignment: +20
       • Question hook: +10
       • Number hook: +5

  #5: draft-20260130-1730-local-office-park-mirage.md
       Score: 100/100 | Persona: local
       Title: The Office Park Mirage: Don't Bet on Cisco Parking...
       • Trend alignment: +30
       • Optimal length (539 words): +10
       • Recent draft: +5

🎯 Selected: The 16% Efficiency Gap: Why the Red Zone Decides SB60
   Virality score: 100/100

📝 Humanizing: draft-20260130-0931-analyst-topic.md
✅ Published: 2026-01-30-09-40-topic.md
📦 Archived: draft-20260130-1710-local-vta-survival.md
📦 Archived: draft-20260130-1800-analyst-middle-eight.md
📦 Archived: draft-20260130-0916-analyst-topic.md
📦 Archived: draft-20260130-1730-local-office-park-mirage.md
🚀 Pushed: https://jackwallnerdvc.github.io/ralph-sb60/
📋 Evaluating 5 drafts for virality...

🏆 WINNER: draft-20260130-0931-analyst-topic.md
       Score: 100/100 | Persona: analyst
       Title: The 16% Efficiency Gap: Why the Red Zone Decides SB60...
       • Trend alignment: +25
       • Question hook: +10
       • Number hook: +5

  #2: draft-20260130-1710-local-vta-survival.md
       Score: 100/100 | Persona: local
       Title: The VTA Gauntlet: Hacking the Light Rail Crush...
       • Trend alignment: +30
       • Optimal length (449 words): +10
       • Recent draft: +5

  #3: draft-20260130-1800-analyst-middle-eight.md
       Score: 100/100 | Persona: analyst
       Title: The 'Middle 8' Math: Where SB60 Will Actually Be Won...
       • Trend alignment: +20
       • Number hook: +5
       • Good length (379 words): +5

  #4: draft-20260130-0916-analyst-topic.md
       Score: 100/100 | Persona: analyst
       Title: The 'Clean Pocket' Fallacy: Why the Market is Wrong on QB1...
       • Trend alignment: +20
       • Question hook: +10
       • Number hook: +5

  #5: draft-20260130-1730-local-office-park-mirage.md
       Score: 100/100 | Persona: local
       Title: The Office Park Mirage: Don't Bet on Cisco Parking...
       • Trend alignment: +30
       • Optimal length (539 words): +10
       • Recent draft: +5

🎯 Selected: The 16% Efficiency Gap: Why the Red Zone Decides SB60
   Virality score: 100/100

📝 Humanizing: draft-20260130-0931-analyst-topic.md
✅ Published: 2026-01-30-09-40-topic.md
📦 Archived: draft-20260130-1710-local-vta-survival.md
📦 Archived: draft-20260130-1800-analyst-middle-eight.md
📦 Archived: draft-20260130-0916-analyst-topic.md
📦 Archived: draft-20260130-1730-local-office-park-mirage.md
🚀 Pushed: https://jackwallnerdvc.github.io/ralph-sb60/
✅ Publish cycle complete at 9:40 AM PST
✅ Publish cycle complete at 9:40 AM PST


=== Ralph Threshold Publish Triggered ===
=== Ralph Threshold Publish Triggered ===
Timestamp: 2026-01-30T11:35:00 PST
Timestamp: 2026-01-30T11:35:00 PST
Drafts in queue: 5 (threshold: 5)
Drafts in queue: 5 (threshold: 5)
Target persona: analyst (balancing distribution)
Target persona: analyst (balancing distribution)
🎯 Running evaluate_and_publish...
🎯 Running evaluate_and_publish...
📋 Evaluating 5 drafts for virality...

🏆 WINNER: draft-20260130-1047-analyst-topic.md
       Score: 100/100 | Persona: analyst
       Title: The Kubiak Continuity: Betting the First 15 Plays...
       • Trend alignment: +20
       • Number hook: +5
       • Optimal length (645 words): +10

  #2: draft-20260130-1104-analyst-topic.md
       Score: 100/100 | Persona: analyst
       Title: The 5.8 Point Gap: Why the Market Missed the Red Zone Mismat...
       • Trend alignment: +20
       • Question hook: +10
       • Number hook: +5

  #3: draft-20260130-1845-insider-rf-war-room.md
       Score: 100/100 | Persona: insider
       Title: The RF War Room: Hunting Rogue Signals at SB60...
       • Trend alignment: +30
       • Number hook: +5
       • Optimal length (416 words): +10

  #4: draft-20260130-1117-analyst-topic.md
       Score: 100/100 | Persona: analyst
       Title: The Kubiak Continuity: Why the First Quarter is Mispriced...
       • Trend alignment: +15
       • Question hook: +10
       • Optimal length (753 words): +10

  #5: draft-20260130-1131-analyst-topic.md
       Score: 95/100 | Persona: analyst
       Title: The Volatility Index: QB Pressure Splits Decoded...
       • Optimal length (662 words): +10
       • Recent draft: +5
       • High specificity (7 details): +10

🎯 Selected: The Kubiak Continuity: Betting the First 15 Plays
   Virality score: 100/100

📝 Humanizing: draft-20260130-1047-analyst-topic.md
✅ Published: 2026-01-30-11-35-topic.md
📦 Archived: draft-20260130-1104-analyst-topic.md
📦 Archived: draft-20260130-1131-analyst-topic.md
📦 Archived: draft-20260130-1845-insider-rf-war-room.md
📦 Archived: draft-20260130-1117-analyst-topic.md
🚀 Pushed: https://jackwallnerdvc.github.io/ralph-sb60/
📋 Evaluating 5 drafts for virality...

🏆 WINNER: draft-20260130-1047-analyst-topic.md
       Score: 100/100 | Persona: analyst
       Title: The Kubiak Continuity: Betting the First 15 Plays...
       • Trend alignment: +20
       • Number hook: +5
       • Optimal length (645 words): +10

  #2: draft-20260130-1104-analyst-topic.md
       Score: 100/100 | Persona: analyst
       Title: The 5.8 Point Gap: Why the Market Missed the Red Zone Mismat...
       • Trend alignment: +20
       • Question hook: +10
       • Number hook: +5

  #3: draft-20260130-1845-insider-rf-war-room.md
       Score: 100/100 | Persona: insider
       Title: The RF War Room: Hunting Rogue Signals at SB60...
       • Trend alignment: +30
       • Number hook: +5
       • Optimal length (416 words): +10

  #4: draft-20260130-1117-analyst-topic.md
       Score: 100/100 | Persona: analyst
       Title: The Kubiak Continuity: Why the First Quarter is Mispriced...
       • Trend alignment: +15
       • Question hook: +10
       • Optimal length (753 words): +10

  #5: draft-20260130-1131-analyst-topic.md
       Score: 95/100 | Persona: analyst
       Title: The Volatility Index: QB Pressure Splits Decoded...
       • Optimal length (662 words): +10
       • Recent draft: +5
       • High specificity (7 details): +10

🎯 Selected: The Kubiak Continuity: Betting the First 15 Plays
   Virality score: 100/100

📝 Humanizing: draft-20260130-1047-analyst-topic.md
✅ Published: 2026-01-30-11-35-topic.md
📦 Archived: draft-20260130-1104-analyst-topic.md
📦 Archived: draft-20260130-1131-analyst-topic.md
📦 Archived: draft-20260130-1845-insider-rf-war-room.md
📦 Archived: draft-20260130-1117-analyst-topic.md
🚀 Pushed: https://jackwallnerdvc.github.io/ralph-sb60/
✅ Publish cycle complete at 11:35 AM PST
✅ Publish cycle complete at 11:35 AM PST


=== Ralph Publish Job ===
=== Ralph Publish Job ===
Timestamp: 2026-01-30T18:00:00 PST
Timestamp: 2026-01-30T18:00:00 PST
Drafts available: 1
Drafts available: 1
Target persona: local (balancing distribution)
Target persona: local (balancing distribution)
📰 Only 1 draft. Publishing without AI polish to preserve it...
📰 Only 1 draft. Publishing without AI polish to preserve it...
Publishing: draft-20260131-0100-insider-vip-convoy.md
✅ Published: 2026-01-30-18-00-insider-vip-convoy.md
Publishing: draft-20260131-0100-insider-vip-convoy.md
✅ Published: 2026-01-30-18-00-insider-vip-convoy.md
🏗️ Building site...
🏗️ Building site...
From https://github.com/JackWallnerDVC/ralph-sb60
 * branch            main       -> FETCH_HEAD
From https://github.com/JackWallnerDVC/ralph-sb60
 * branch            main       -> FETCH_HEAD
Already up to date.
Already up to date.
bundler: command not found: jekyll
bundler: command not found: jekyll
Install missing gem executables with `bundle install`
Install missing gem executables with `bundle install`
⚠️ Local build skipped (GitHub Pages will build on push)
⚠️ Local build skipped (GitHub Pages will build on push)
