=== Ralph Research Job ===
Timestamp: 2026-01-30T00:57:41Z
Fetching trends...

📊 Found 3 trending topics
Using cached trends (fresh)
[
  {
    "text": "Looking forward to Super Bowl 60 at Levi's Stadium",
    "query": "general"
  },
  {
    "text": "NFL playoff picture taking shape for SB60",
    "query": "playoffs"
  },
  {
    "text": "Bay Area prepping for Super Bowl 2026",
    "query": "local"
  }
]
Fetching real intel...
=== Ralph Research Job ===
=== Ralph Research Job ===
Timestamp: 2026-01-30T01:00:00Z
Timestamp: 2026-01-30T01:00:00Z
Fetching trends...
Fetching trends...

📊 Found 3 trending topics

📊 Found 3 trending topics
Using cached trends (fresh)
[
  {
    "text": "Looking forward to Super Bowl 60 at Levi's Stadium",
    "query": "general"
  },
  {
    "text": "NFL playoff picture taking shape for SB60",
    "query": "playoffs"
  },
  {
    "text": "Bay Area prepping for Super Bowl 2026",
    "query": "local"
  }
]
Using cached trends (fresh)
[
  {
    "text": "Looking forward to Super Bowl 60 at Levi's Stadium",
    "query": "general"
  },
  {
    "text": "NFL playoff picture taking shape for SB60",
    "query": "playoffs"
  },
  {
    "text": "Bay Area prepping for Super Bowl 2026",
    "query": "local"
  }
]
Fetching real intel...
Fetching real intel...
🕵️‍♂️ Ralph is digging for real intel...
   Checking Santa Clara City News...
   Checking NFL Football Operations...
⚠️ Failed to fetch NFL Football Operations: HTTP Error 404: Not Found
   Checking 49ers Official News...
✅ Secured 6 verified intelligence items.
🕵️‍♂️ Ralph is digging for real intel...
   Checking Santa Clara City News...
   Checking NFL Football Operations...
⚠️ Failed to fetch NFL Football Operations: HTTP Error 404: Not Found
   Checking 49ers Official News...
✅ Secured 6 verified intelligence items.
Research complete: 2026-01-30T01:00:04.204689Z
Research complete: 2026-01-30T01:00:04.204689Z
Research job complete.
Research job complete.


